<?xml version="1.0" encoding="UTF-8"?>
<!-- Generated by org.testng.reporters.JUnitXMLReporter -->
<testsuite hostname="LAPTOP-DF5CB6SE" ignored="0" name="Test" tests="1" failures="1" timestamp="04 Oct 2018 23:46:13 GMT" time="8.271" errors="0">
  <testcase name="testTitle" time="0.096" classname="com.mangoapp.qa.testcases.LoginPageTests">
    <failure type="java.lang.AssertionError" message="expected [CRMPRO] but found [#1 Free CRM software in the cloud for sales and service]">
      <![CDATA[java.lang.AssertionError: expected [CRMPRO] but found [#1 Free CRM software in the cloud for sales and service]
	at com.mangoapp.qa.testcases.LoginPageTests.testTitle(LoginPageTests.java:19)
... Removed 31 stack frames]]>
    </failure>
  </testcase> <!-- testTitle -->
</testsuite> <!-- Test -->
