<?xml version="1.0" encoding="UTF-8"?>
<!-- Generated by org.testng.reporters.JUnitXMLReporter -->
<testsuite hostname="LAPTOP-DF5CB6SE" ignored="2" name="Test" tests="3" failures="0" timestamp="13 Oct 2018 02:15:09 GMT" time="28.245" errors="0">
  <testcase name="testTitle" time="0.035" classname="com.mangoapp.qa.testcases.LoginPageTests"/>
  <testcase name="testGetLogo" time="3.346" classname="com.mangoapp.qa.testcases.HomePageTests"/>
  <testcase name="testLogo" time="0.118" classname="com.mangoapp.qa.testcases.LoginPageTests"/>
  <testcase name="@AfterSuite tearDownSuite" time="0.0" classname="com.mangoapp.qa.base.Testbase">
    <ignored/>
  </testcase> <!-- @AfterSuite tearDownSuite -->
  <testcase name="@BeforeSuite setUpSuite" time="0.0" classname="com.mangoapp.qa.base.Testbase">
    <ignored/>
  </testcase> <!-- @BeforeSuite setUpSuite -->
</testsuite> <!-- Test -->
