<?xml version="1.0" encoding="UTF-8"?>
<testng-results skipped="0" failed="0" ignored="0" total="2" passed="2">
  <reporter-output>
  </reporter-output>
  <suite name="Default suite" duration-ms="22328" started-at="2018-10-16T03:00:40Z" finished-at="2018-10-16T03:01:03Z">
    <groups>
    </groups>
    <test name="Default test" duration-ms="22328" started-at="2018-10-16T03:00:40Z" finished-at="2018-10-16T03:01:03Z">
      <class name="com.mangoapp.qa.testcases.LoginPageTests">
        <test-method status="PASS" signature="setUpSuite()[pri:0, instance:com.mangoapp.qa.testcases.LoginPageTests@5f341870]" name="setUpSuite" is-config="true" duration-ms="2132" started-at="2018-10-15T23:00:38Z" finished-at="2018-10-15T23:00:40Z">
          <reporter-output>
          </reporter-output>
        </test-method> <!-- setUpSuite -->
        <test-method status="PASS" signature="setUpMethod(java.lang.reflect.Method)[pri:0, instance:com.mangoapp.qa.testcases.LoginPageTests@5f341870]" name="setUpMethod" is-config="true" duration-ms="14179" started-at="2018-10-15T23:00:41Z" finished-at="2018-10-15T23:00:55Z">
          <params>
            <param index="0">
              <value>
                <![CDATA[public void com.mangoapp.qa.testcases.LoginPageTests.testTitle()]]>
              </value>
            </param>
          </params>
          <reporter-output>
          </reporter-output>
        </test-method> <!-- setUpMethod -->
        <test-method status="PASS" signature="testTitle()[pri:1, instance:com.mangoapp.qa.testcases.LoginPageTests@5f341870]" name="testTitle" duration-ms="85" started-at="2018-10-15T23:00:55Z" finished-at="2018-10-15T23:00:55Z">
          <reporter-output>
          </reporter-output>
        </test-method> <!-- testTitle -->
        <test-method status="PASS" signature="tearDownMethod(org.testng.ITestResult)[pri:0, instance:com.mangoapp.qa.testcases.LoginPageTests@5f341870]" name="tearDownMethod" is-config="true" duration-ms="3214" started-at="2018-10-15T23:00:55Z" finished-at="2018-10-15T23:00:58Z">
          <params>
            <param index="0">
              <value>
                <![CDATA[[TestResult name=testTitle status=SUCCESS method=LoginPageTests.testTitle()[pri:1, instance:com.mangoapp.qa.testcases.LoginPageTests@5f341870] output={null}]]]>
              </value>
            </param>
          </params>
          <reporter-output>
          </reporter-output>
        </test-method> <!-- tearDownMethod -->
        <test-method status="PASS" signature="setUpMethod(java.lang.reflect.Method)[pri:0, instance:com.mangoapp.qa.testcases.LoginPageTests@5f341870]" name="setUpMethod" is-config="true" duration-ms="3040" started-at="2018-10-15T23:00:58Z" finished-at="2018-10-15T23:01:01Z">
          <params>
            <param index="0">
              <value>
                <![CDATA[public void com.mangoapp.qa.testcases.LoginPageTests.testLogo()]]>
              </value>
            </param>
          </params>
          <reporter-output>
          </reporter-output>
        </test-method> <!-- setUpMethod -->
        <test-method status="PASS" signature="testLogo()[pri:2, instance:com.mangoapp.qa.testcases.LoginPageTests@5f341870]" name="testLogo" duration-ms="115" started-at="2018-10-15T23:01:01Z" finished-at="2018-10-15T23:01:01Z">
          <reporter-output>
          </reporter-output>
        </test-method> <!-- testLogo -->
        <test-method status="PASS" signature="tearDownMethod(org.testng.ITestResult)[pri:0, instance:com.mangoapp.qa.testcases.LoginPageTests@5f341870]" name="tearDownMethod" is-config="true" duration-ms="1583" started-at="2018-10-15T23:01:01Z" finished-at="2018-10-15T23:01:03Z">
          <params>
            <param index="0">
              <value>
                <![CDATA[[TestResult name=testLogo status=SUCCESS method=LoginPageTests.testLogo()[pri:2, instance:com.mangoapp.qa.testcases.LoginPageTests@5f341870] output={null}]]]>
              </value>
            </param>
          </params>
          <reporter-output>
          </reporter-output>
        </test-method> <!-- tearDownMethod -->
        <test-method status="PASS" signature="tearDownSuite()[pri:0, instance:com.mangoapp.qa.testcases.LoginPageTests@5f341870]" name="tearDownSuite" is-config="true" duration-ms="1277" started-at="2018-10-15T23:01:03Z" finished-at="2018-10-15T23:01:04Z">
          <reporter-output>
          </reporter-output>
        </test-method> <!-- tearDownSuite -->
      </class> <!-- com.mangoapp.qa.testcases.LoginPageTests -->
    </test> <!-- Default test -->
  </suite> <!-- Default suite -->
</testng-results>
